<?xml version="1.0" encoding="UTF-8"?>
<!-- Generated by org.testng.reporters.JUnitReportReporter -->
<testsuite skipped="0" hostname="DESKTOP-4G32AG1" name="TestCases.CreateLeadTestCase" tests="2" failures="0" timestamp="2019-12-09T13:45:52 IST" time="110.500" errors="0">
  <testcase name="createLead" time="53.366" classname="TestCases.CreateLeadTestCase"/>
  <testcase name="createLead" time="57.134" classname="TestCases.CreateLeadTestCase"/>
</testsuite> <!-- TestCases.CreateLeadTestCase -->
